<?xml version="1.0" encoding="UTF-8"?>
<testng-results ignored="0" total="3" passed="3" failed="0" skipped="0">
  <reporter-output>
  </reporter-output>
  <suite started-at="2025-03-10T19:17:07 CET" name="Default suite" finished-at="2025-03-10T19:17:31 CET" duration-ms="23371">
    <groups>
      <group name="cucumber">
        <method signature="AbstractTestNGCucumberTests.runScenario(io.cucumber.testng.PickleWrapper,io.cucumber.testng.FeatureWrapper)[pri:0, instance:com.qa.runners.TestRunner@7f485fda]" name="runScenario" class="io.cucumber.testng.AbstractTestNGCucumberTests"/>
      </group> <!-- cucumber -->
    </groups>
    <test started-at="2025-03-10T19:17:07 CET" name="Default test" finished-at="2025-03-10T19:17:31 CET" duration-ms="23371">
      <class name="com.qa.runners.TestRunner">
        <test-method is-config="true" signature="setUpClass(org.testng.ITestContext)[pri:0, instance:com.qa.runners.TestRunner@7f485fda]" started-at="2025-03-10T19:17:08 CET" name="setUpClass" finished-at="2025-03-10T19:17:08 CET" duration-ms="432" status="PASS">
          <params>
            <param index="0">
              <value>
                <![CDATA[org.testng.TestRunner@25230246]]>
              </value>
            </param>
          </params>
          <reporter-output>
          </reporter-output>
        </test-method> <!-- setUpClass -->
        <test-method signature="runScenario(io.cucumber.testng.PickleWrapper,io.cucumber.testng.FeatureWrapper)[pri:0, instance:com.qa.runners.TestRunner@7f485fda]" started-at="2025-03-10T19:17:08 CET" name="runScenario" description="Runs Cucumber Scenarios" data-provider="scenarios" finished-at="2025-03-10T19:17:31 CET" duration-ms="22784" status="PASS">
          <params>
            <param index="0">
              <value>
                <![CDATA["Register a new user successfully"]]>
              </value>
            </param>
            <param index="1">
              <value>
                <![CDATA["create user functionality"]]>
              </value>
            </param>
          </params>
          <reporter-output>
          </reporter-output>
        </test-method> <!-- runScenario -->
        <test-method signature="runScenario(io.cucumber.testng.PickleWrapper,io.cucumber.testng.FeatureWrapper)[pri:0, instance:com.qa.runners.TestRunner@7f485fda]" started-at="2025-03-10T19:17:08 CET" name="runScenario" description="Runs Cucumber Scenarios" data-provider="scenarios" finished-at="2025-03-10T19:17:25 CET" duration-ms="17216" status="PASS">
          <params>
            <param index="0">
              <value>
                <![CDATA["validate the register functionality with valid details"]]>
              </value>
            </param>
            <param index="1">
              <value>
                <![CDATA["Validate the register functionality"]]>
              </value>
            </param>
          </params>
          <reporter-output>
          </reporter-output>
        </test-method> <!-- runScenario -->
        <test-method signature="runScenario(io.cucumber.testng.PickleWrapper,io.cucumber.testng.FeatureWrapper)[pri:0, instance:com.qa.runners.TestRunner@7f485fda]" started-at="2025-03-10T19:17:08 CET" name="runScenario" description="Runs Cucumber Scenarios" data-provider="scenarios" finished-at="2025-03-10T19:17:25 CET" duration-ms="16945" status="PASS">
          <params>
            <param index="0">
              <value>
                <![CDATA["Validate Login Functionality with valid credentials"]]>
              </value>
            </param>
            <param index="1">
              <value>
                <![CDATA["Validate the login functionality"]]>
              </value>
            </param>
          </params>
          <reporter-output>
          </reporter-output>
        </test-method> <!-- runScenario -->
        <test-method is-config="true" signature="tearDownClass()[pri:0, instance:com.qa.runners.TestRunner@7f485fda]" started-at="2025-03-10T19:17:31 CET" name="tearDownClass" finished-at="2025-03-10T19:17:31 CET" duration-ms="126" status="PASS">
          <reporter-output>
          </reporter-output>
        </test-method> <!-- tearDownClass -->
      </class> <!-- com.qa.runners.TestRunner -->
    </test> <!-- Default test -->
  </suite> <!-- Default suite -->
</testng-results>
